2024-03-24 17:04:11 呼叫
2024-03-24 17:04:15 呼叫
2024-03-24 17:04:18 呼叫
2024-03-24 17:04:23 清除號碼
2024-03-24 17:04:23 清除號碼
2024-03-24 17:04:23 清除號碼
2024-03-24 17:04:24 清除號碼
2024-03-24 17:04:24 清除號碼
2024-03-24 17:04:24 清除號碼
2024-03-24 17:04:24 清除號碼
2024-03-24 17:04:24 清除號碼
2024-03-24 17:04:25 清除號碼
2024-03-24 17:04:25 設定鍵
2024-03-24 17:04:28 設定鍵
2024-03-24 17:04:28 退出鍵
2024-03-24 17:04:30 設定鍵
2024-03-24 17:04:30 DOWN鍵
2024-03-24 17:04:31 DOWN鍵
2024-03-24 17:04:31 DOWN鍵
2024-03-24 17:04:31 DOWN鍵
2024-03-24 17:04:32 UP鍵
2024-03-24 17:04:32 UP鍵
2024-03-24 17:04:32 UP鍵
2024-03-24 17:04:32 UP鍵
2024-03-24 17:04:34 退出鍵
2024-03-24 17:04:36 DOWN鍵
2024-03-24 17:04:37 設定鍵
2024-03-24 17:04:39 清除號碼
2024-03-24 17:04:41 心跳
2024-03-24 17:10:42 呼叫
2024-03-24 17:10:43 心跳
2024-03-24 17:10:55 呼叫
2024-03-24 17:11:43 心跳
2024-03-24 17:12:43 心跳
2024-03-24 17:13:44 心跳
2024-03-24 17:14:44 心跳
2024-03-24 17:15:44 心跳
2024-03-24 17:16:44 心跳
2024-03-24 17:17:45 心跳
2024-03-24 17:18:45 心跳
2024-03-24 17:19:45 心跳
2024-03-24 17:20:46 心跳
2024-03-24 17:21:46 心跳
2024-03-24 17:22:46 心跳
2024-03-24 17:23:46 心跳
2024-03-24 17:24:47 心跳
2024-03-24 17:25:47 心跳
2024-03-24 17:26:47 心跳
2024-03-24 17:27:48 心跳
2024-03-24 17:28:48 心跳
2024-03-24 17:29:48 心跳
2024-03-24 17:30:48 心跳
2024-03-24 17:31:49 心跳
2024-03-24 17:32:49 心跳
2024-03-24 17:33:49 心跳
2024-03-24 17:34:49 心跳
2024-03-24 17:35:50 心跳
2024-03-24 17:37:50 心跳
2024-03-24 17:38:51 心跳
2024-03-24 17:39:51 心跳
2024-03-24 17:40:51 心跳
2024-03-24 17:41:51 心跳
2024-03-24 17:42:52 心跳
2024-03-24 17:43:52 心跳
2024-03-24 17:44:52 心跳
2024-03-24 17:45:53 心跳
2024-03-24 17:46:53 心跳
2024-03-24 17:47:53 心跳
2024-03-24 17:48:53 心跳
2024-03-24 17:49:54 心跳
2024-03-24 17:50:54 心跳
2024-03-24 17:51:54 心跳
2024-03-24 17:52:55 心跳
2024-03-24 17:53:55 心跳
2024-03-24 17:54:55 心跳
2024-03-24 17:55:55 心跳
2024-03-24 17:56:56 心跳
2024-03-24 17:57:56 心跳
2024-03-24 17:58:56 心跳
2024-03-24 17:59:57 心跳
2024-03-24 18:00:57 心跳
2024-03-24 18:01:57 心跳
2024-03-24 18:02:57 心跳
2024-03-24 18:03:58 心跳
2024-03-24 18:04:58 心跳
2024-03-24 18:05:58 心跳
2024-03-24 18:06:59 心跳
2024-03-24 18:07:59 心跳
2024-03-24 18:08:59 心跳
2024-03-24 18:09:59 心跳
2024-03-24 18:11:00 心跳
2024-03-24 18:12:00 心跳
2024-03-24 18:13:00 心跳
2024-03-24 18:14:01 心跳
2024-03-24 18:15:01 心跳
2024-03-24 18:16:01 心跳
2024-03-24 18:17:02 心跳
2024-03-24 18:18:02 心跳
2024-03-24 18:19:02 心跳
2024-03-24 18:20:02 心跳
2024-03-24 18:21:03 心跳
2024-03-24 18:22:03 心跳
2024-03-24 18:23:03 心跳
2024-03-24 18:24:04 心跳
2024-03-24 18:25:04 心跳
2024-03-24 18:26:04 心跳
2024-03-24 18:28:05 心跳
2024-03-24 18:29:05 心跳
2024-03-24 18:30:05 心跳
2024-03-24 18:31:06 心跳
2024-03-24 18:32:06 心跳
2024-03-24 18:33:06 心跳
2024-03-24 18:34:07 心跳
2024-03-24 18:35:07 心跳
2024-03-24 18:36:07 心跳
2024-03-24 18:37:07 心跳
2024-03-24 18:38:08 心跳
2024-03-24 18:39:08 心跳
2024-03-24 18:40:08 心跳
2024-03-24 18:41:09 心跳
2024-03-24 18:42:09 心跳
2024-03-24 18:43:09 心跳
2024-03-24 18:44:09 心跳
2024-03-24 18:45:10 心跳
2024-03-24 18:46:10 心跳
2024-03-24 18:47:10 心跳
2024-03-24 18:48:11 心跳
2024-03-24 18:49:11 心跳
2024-03-24 18:50:11 心跳
2024-03-24 18:51:12 心跳
2024-03-24 18:52:12 心跳
2024-03-24 18:53:12 心跳
2024-03-24 18:54:12 心跳
2024-03-24 18:55:13 心跳
2024-03-24 18:56:13 心跳
2024-03-24 18:57:13 心跳
2024-03-24 18:58:14 心跳
2024-03-24 18:59:14 心跳
2024-03-24 19:00:14 心跳
2024-03-24 19:01:14 心跳
2024-03-24 19:02:15 心跳
2024-03-24 19:03:15 心跳
2024-03-24 19:04:15 心跳
2024-03-24 19:05:16 心跳
2024-03-24 19:06:16 心跳
2024-03-24 19:07:16 心跳
2024-03-24 19:08:17 心跳
2024-03-24 19:09:17 心跳
2024-03-24 19:10:17 心跳
2024-03-24 19:11:17 心跳
2024-03-24 19:12:18 心跳
2024-03-24 19:13:18 心跳
2024-03-24 19:14:18 心跳
2024-03-24 19:15:19 心跳
2024-03-24 19:17:19 心跳
2024-03-24 19:18:19 心跳
2024-03-24 19:19:20 心跳
2024-03-24 19:20:20 心跳
2024-03-24 19:21:20 心跳
2024-03-24 19:22:21 心跳
2024-03-24 19:23:21 心跳
2024-03-24 19:24:21 心跳
2024-03-24 19:25:21 心跳
2024-03-24 19:26:22 心跳
2024-03-24 19:27:22 心跳
2024-03-24 19:28:22 心跳
2024-03-24 19:29:23 心跳
2024-03-24 19:30:23 心跳
2024-03-24 19:31:23 心跳
2024-03-24 19:32:24 心跳
2024-03-24 19:33:24 心跳
2024-03-24 19:34:24 心跳
2024-03-24 19:35:24 心跳
2024-03-24 19:36:25 心跳
2024-03-24 19:37:25 心跳
2024-03-24 19:38:25 心跳
2024-03-24 19:39:26 心跳
2024-03-24 19:40:26 心跳
2024-03-24 19:41:26 心跳
2024-03-24 19:42:26 心跳
2024-03-24 19:43:27 心跳
2024-03-24 19:44:27 心跳
2024-03-24 19:45:27 心跳
2024-03-24 19:46:28 心跳
2024-03-24 19:47:28 心跳
2024-03-24 19:48:28 心跳
2024-03-24 19:49:28 心跳
2024-03-24 19:50:29 心跳
2024-03-24 19:51:29 心跳
2024-03-24 19:52:29 心跳
2024-03-24 19:53:30 心跳
2024-03-24 19:54:30 心跳
2024-03-24 19:55:30 心跳
2024-03-24 19:56:31 心跳
2024-03-24 19:57:31 心跳
2024-03-24 19:58:31 心跳
2024-03-24 19:59:31 心跳
2024-03-24 20:00:32 心跳
2024-03-24 20:01:32 心跳
2024-03-24 20:02:32 心跳
2024-03-24 20:03:33 心跳
2024-03-24 20:04:33 心跳
2024-03-24 20:05:33 心跳
2024-03-24 20:06:33 心跳
2024-03-24 20:07:34 心跳
2024-03-24 20:08:34 心跳
2024-03-24 20:09:34 心跳
2024-03-24 20:10:35 心跳
2024-03-24 20:11:35 心跳
2024-03-24 20:12:35 心跳
2024-03-24 20:13:35 心跳
2024-03-24 20:14:36 心跳
2024-03-24 20:15:36 心跳
2024-03-24 20:16:36 心跳
2024-03-24 20:17:37 心跳
2024-03-24 20:18:37 心跳
2024-03-24 20:19:37 心跳
2024-03-24 20:20:37 心跳
2024-03-24 20:21:38 心跳
2024-03-24 20:22:38 心跳
2024-03-24 20:23:38 心跳
2024-03-24 20:24:39 心跳
2024-03-24 20:25:39 心跳
2024-03-24 20:26:39 心跳
2024-03-24 20:27:39 心跳
2024-03-24 20:28:40 心跳
2024-03-24 20:29:40 心跳
2024-03-24 20:30:40 心跳
2024-03-24 20:31:41 心跳
2024-03-24 20:32:41 心跳
2024-03-24 20:33:41 心跳
2024-03-24 20:34:41 心跳
2024-03-24 20:35:42 心跳
2024-03-24 20:37:42 心跳
2024-03-24 20:38:43 心跳
2024-03-24 20:39:43 心跳
2024-03-24 20:40:43 心跳
2024-03-24 20:41:43 心跳
2024-03-24 20:42:44 心跳
2024-03-24 20:43:45 心跳
2024-03-24 20:44:46 心跳
2024-03-24 20:45:46 心跳
2024-03-24 20:46:46 心跳
2024-03-24 20:47:47 心跳
2024-03-24 20:48:47 心跳
2024-03-24 20:49:47 心跳
2024-03-24 20:50:47 心跳
2024-03-24 20:51:48 心跳
2024-03-24 20:52:48 心跳
2024-03-24 20:53:48 心跳
2024-03-24 20:54:48 心跳
2024-03-24 20:55:49 心跳
2024-03-24 20:56:49 心跳
2024-03-24 20:57:49 心跳
2024-03-24 20:58:50 心跳
2024-03-24 20:59:50 心跳
2024-03-24 21:00:50 心跳
2024-03-24 21:01:51 心跳
2024-03-24 21:02:51 心跳
2024-03-24 21:03:51 心跳
2024-03-24 21:04:51 心跳
2024-03-24 21:05:52 心跳
2024-03-24 21:06:52 心跳
2024-03-24 21:07:52 心跳
2024-03-24 21:08:53 心跳
2024-03-24 21:09:53 心跳
2024-03-24 21:10:53 心跳
2024-03-24 21:11:53 心跳
2024-03-24 21:12:54 心跳
2024-03-24 21:13:54 心跳
2024-03-24 21:14:54 心跳
2024-03-24 21:15:54 心跳
2024-03-24 21:16:55 心跳
2024-03-24 21:17:55 心跳
2024-03-24 21:18:55 心跳
2024-03-24 21:19:56 心跳
2024-03-24 21:20:56 心跳
2024-03-24 21:21:56 心跳
2024-03-24 21:22:56 心跳
2024-03-24 21:23:57 心跳
2024-03-24 21:24:57 心跳
2024-03-24 21:25:57 心跳
2024-03-24 21:26:58 心跳
2024-03-24 21:27:58 心跳
2024-03-24 21:28:58 心跳
2024-03-24 21:29:58 心跳
2024-03-24 21:30:59 心跳
2024-03-24 21:31:59 心跳
2024-03-24 21:32:59 心跳
2024-03-24 21:33:59 心跳
2024-03-24 21:35:00 心跳
2024-03-24 21:36:00 心跳
2024-03-24 21:37:00 心跳
2024-03-24 21:38:01 心跳
2024-03-24 21:39:01 心跳
2024-03-24 21:40:01 心跳
2024-03-24 21:41:01 心跳
2024-03-24 21:42:02 心跳
2024-03-24 21:43:02 心跳
2024-03-24 21:44:02 心跳
2024-03-24 21:45:02 心跳
2024-03-24 21:46:03 心跳
2024-03-24 21:47:03 心跳
2024-03-24 21:48:03 心跳
2024-03-24 21:49:04 心跳
2024-03-24 21:50:04 心跳
2024-03-24 21:51:04 心跳
2024-03-24 21:52:04 心跳
2024-03-24 21:53:05 心跳
2024-03-24 21:54:05 心跳
2024-03-24 21:55:05 心跳
2024-03-24 21:56:05 心跳
2024-03-24 21:57:06 心跳
2024-03-24 21:58:06 心跳
2024-03-24 21:59:06 心跳
2024-03-24 22:00:07 心跳
2024-03-24 22:01:07 心跳
2024-03-24 22:02:07 心跳
2024-03-24 22:03:07 心跳
2024-03-24 22:04:08 心跳
2024-03-24 22:05:08 心跳
2024-03-24 22:06:08 心跳
2024-03-24 22:07:08 心跳
2024-03-24 22:08:09 心跳
2024-03-24 22:09:09 心跳
2024-03-24 22:10:09 心跳
2024-03-24 22:11:10 心跳
2024-03-24 22:12:10 心跳
2024-03-24 22:13:10 心跳
2024-03-24 22:14:10 心跳
2024-03-24 22:15:11 心跳
2024-03-24 22:16:11 心跳
2024-03-24 22:17:11 心跳
2024-03-24 22:18:11 心跳
2024-03-24 22:19:12 心跳
2024-03-24 22:20:12 心跳
2024-03-24 22:21:12 心跳
2024-03-24 22:22:13 心跳
2024-03-24 22:23:13 心跳
2024-03-24 22:24:13 心跳
2024-03-24 22:25:13 心跳
2024-03-24 22:26:14 心跳
2024-03-24 22:27:14 心跳
2024-03-24 22:28:14 心跳
2024-03-24 22:29:14 心跳
2024-03-24 22:30:15 心跳
2024-03-24 22:31:15 心跳
2024-03-24 22:32:15 心跳
2024-03-24 22:33:16 心跳
2024-03-24 22:34:16 心跳
2024-03-24 22:35:16 心跳
2024-03-24 22:36:16 心跳
2024-03-24 22:37:17 心跳
2024-03-24 22:38:17 心跳
2024-03-24 22:39:17 心跳
2024-03-24 22:40:18 心跳
2024-03-24 22:41:18 心跳
2024-03-24 22:42:18 心跳
2024-03-24 22:43:18 心跳
2024-03-24 22:44:19 心跳
2024-03-24 22:45:19 心跳
2024-03-24 22:46:19 心跳
2024-03-24 22:47:19 心跳
2024-03-24 22:48:20 心跳
2024-03-24 22:49:20 心跳
2024-03-24 22:50:20 心跳
2024-03-24 22:51:21 心跳
2024-03-24 22:52:21 心跳
2024-03-24 22:54:21 心跳
2024-03-24 22:55:22 心跳
2024-03-24 22:56:22 心跳
2024-03-24 22:57:22 心跳
2024-03-24 22:58:23 心跳
2024-03-24 22:59:23 心跳
2024-03-24 23:00:23 心跳
2024-03-24 23:01:23 心跳
2024-03-24 23:02:24 心跳
2024-03-24 23:03:24 心跳
2024-03-24 23:04:24 心跳
2024-03-24 23:05:24 心跳
2024-03-24 23:06:25 心跳
2024-03-24 23:07:25 心跳
2024-03-24 23:08:25 心跳
2024-03-24 23:09:26 心跳
2024-03-24 23:10:26 心跳
2024-03-24 23:11:26 心跳
2024-03-24 23:12:26 心跳
2024-03-24 23:13:27 心跳
2024-03-24 23:14:27 心跳
2024-03-24 23:15:27 心跳
2024-03-24 23:16:28 心跳
2024-03-24 23:17:28 心跳
2024-03-24 23:18:28 心跳
2024-03-24 23:19:28 心跳
2024-03-24 23:20:29 心跳
2024-03-24 23:21:29 心跳
2024-03-24 23:22:29 心跳
2024-03-24 23:23:29 心跳
2024-03-24 23:24:30 心跳
2024-03-24 23:25:30 心跳
2024-03-24 23:26:30 心跳
2024-03-24 23:27:31 心跳
2024-03-24 23:28:31 心跳
2024-03-24 23:29:31 心跳
2024-03-24 23:30:31 心跳
2024-03-24 23:31:32 心跳
2024-03-24 23:32:32 心跳
2024-03-24 23:33:32 心跳
2024-03-24 23:34:33 心跳
2024-03-24 23:35:33 心跳
2024-03-24 23:36:33 心跳
2024-03-24 23:37:33 心跳
2024-03-24 23:38:34 心跳
2024-03-24 23:39:34 心跳
2024-03-24 23:40:34 心跳
2024-03-24 23:41:35 心跳
2024-03-24 23:42:35 心跳
2024-03-24 23:43:35 心跳
2024-03-24 23:44:35 心跳
2024-03-24 23:45:36 心跳
2024-03-24 23:46:36 心跳
2024-03-24 23:47:36 心跳
2024-03-24 23:48:37 心跳
2024-03-24 23:49:37 心跳
2024-03-24 23:50:37 心跳
2024-03-24 23:51:37 心跳
2024-03-24 23:52:38 心跳
2024-03-24 23:53:38 心跳
2024-03-24 23:54:38 心跳
2024-03-24 23:55:39 心跳
2024-03-24 23:56:39 心跳
2024-03-24 23:57:39 心跳
2024-03-24 23:58:39 心跳
2024-03-24 23:59:40 心跳
2024-03-25 00:00:40 心跳
2024-03-25 00:01:40 心跳
2024-03-25 00:02:41 心跳
2024-03-25 00:03:41 心跳
2024-03-25 00:04:41 心跳
2024-03-25 00:05:41 心跳
2024-03-25 00:06:42 心跳
2024-03-25 00:07:42 心跳
2024-03-25 00:08:42 心跳
2024-03-25 00:09:43 心跳
2024-03-25 00:10:43 心跳
2024-03-25 00:11:43 心跳
2024-03-25 00:12:43 心跳
2024-03-25 00:13:44 心跳
2024-03-25 00:14:44 心跳
2024-03-25 00:15:44 心跳
2024-03-25 00:16:45 心跳
2024-03-25 00:17:45 心跳
2024-03-25 00:18:45 心跳
2024-03-25 00:19:45 心跳
2024-03-25 00:20:46 心跳
2024-03-25 00:21:46 心跳
2024-03-25 00:22:46 心跳
2024-03-25 00:23:46 心跳
2024-03-25 00:25:47 心跳
2024-03-25 00:26:47 心跳
2024-03-25 00:27:48 心跳
2024-03-25 00:28:48 心跳
2024-03-25 00:29:48 心跳
2024-03-25 00:30:48 心跳
2024-03-25 00:31:49 心跳
2024-03-25 00:32:49 心跳
2024-03-25 00:33:49 心跳
2024-03-25 00:34:49 心跳
2024-03-25 00:35:50 心跳
2024-03-25 00:36:50 心跳
2024-03-25 00:37:50 心跳
2024-03-25 00:38:51 心跳
2024-03-25 00:39:51 心跳
2024-03-25 00:40:51 心跳
2024-03-25 00:41:51 心跳
2024-03-25 00:42:52 心跳
2024-03-25 00:43:52 心跳
2024-03-25 00:44:52 心跳
2024-03-25 00:45:53 心跳
2024-03-25 00:46:53 心跳
2024-03-25 00:47:53 心跳
2024-03-25 00:48:53 心跳
2024-03-25 00:49:54 心跳
2024-03-25 00:50:54 心跳
2024-03-25 00:51:54 心跳
2024-03-25 00:52:55 心跳
2024-03-25 00:53:55 心跳
2024-03-25 00:54:55 心跳
2024-03-25 00:55:55 心跳
2024-03-25 00:56:56 心跳
2024-03-25 00:57:56 心跳
2024-03-25 00:58:56 心跳
2024-03-25 00:59:57 心跳
2024-03-25 01:00:57 心跳
2024-03-25 01:01:57 心跳
2024-03-25 01:02:57 心跳
2024-03-25 01:03:58 心跳
2024-03-25 01:04:58 心跳
2024-03-25 01:05:58 心跳
2024-03-25 01:06:58 心跳
2024-03-25 01:07:59 心跳
2024-03-25 01:08:59 心跳
2024-03-25 01:09:59 心跳
2024-03-25 01:11:00 心跳
2024-03-25 01:12:00 心跳
2024-03-25 01:13:00 心跳
2024-03-25 01:14:00 心跳
2024-03-25 01:15:01 心跳
2024-03-25 01:16:01 心跳
2024-03-25 01:17:01 心跳
2024-03-25 01:18:02 心跳
2024-03-25 01:19:02 心跳
2024-03-25 01:20:02 心跳
2024-03-25 01:21:02 心跳
2024-03-25 01:22:03 心跳
2024-03-25 01:23:03 心跳
2024-03-25 01:24:03 心跳
2024-03-25 01:25:04 心跳
2024-03-25 01:26:04 心跳
2024-03-25 01:27:04 心跳
2024-03-25 01:28:04 心跳
2024-03-25 01:29:05 心跳
2024-03-25 01:30:05 心跳
2024-03-25 01:31:05 心跳
2024-03-25 01:32:06 心跳
2024-03-25 01:33:06 心跳
2024-03-25 01:34:06 心跳
2024-03-25 01:35:06 心跳
2024-03-25 01:36:07 心跳
2024-03-25 01:38:07 心跳
2024-03-25 01:39:08 心跳
2024-03-25 01:40:08 心跳
2024-03-25 01:41:08 心跳
2024-03-25 01:42:08 心跳
2024-03-25 01:43:09 心跳
2024-03-25 01:44:09 心跳
2024-03-25 01:45:09 心跳
2024-03-25 01:46:09 心跳
2024-03-25 01:47:10 心跳
2024-03-25 01:48:10 心跳
2024-03-25 01:49:10 心跳
2024-03-25 01:50:11 心跳
2024-03-25 01:51:11 心跳
2024-03-25 01:52:11 心跳
2024-03-25 01:53:11 心跳
2024-03-25 01:54:12 心跳
2024-03-25 01:55:12 心跳
2024-03-25 01:56:12 心跳
2024-03-25 01:57:13 心跳
2024-03-25 01:58:13 心跳
2024-03-25 01:59:13 心跳
2024-03-25 02:00:13 心跳
2024-03-25 02:01:14 心跳
2024-03-25 02:02:14 心跳
2024-03-25 02:03:14 心跳
2024-03-25 02:04:15 心跳
2024-03-25 02:05:15 心跳
2024-03-25 02:06:15 心跳
2024-03-25 02:07:15 心跳
2024-03-25 02:08:16 心跳
2024-03-25 02:09:16 心跳
2024-03-25 02:10:16 心跳
2024-03-25 02:11:17 心跳
2024-03-25 02:12:17 心跳
2024-03-25 02:13:17 心跳
2024-03-25 02:14:17 心跳
2024-03-25 02:15:18 心跳
2024-03-25 02:16:18 心跳
2024-03-25 02:17:18 心跳
2024-03-25 02:18:19 心跳
2024-03-25 02:19:19 心跳
2024-03-25 02:20:19 心跳
2024-03-25 02:21:19 心跳
2024-03-25 02:22:20 心跳
2024-03-25 02:23:20 心跳
2024-03-25 02:24:20 心跳
2024-03-25 02:25:20 心跳
2024-03-25 02:26:21 心跳
2024-03-25 02:27:21 心跳
2024-03-25 02:28:21 心跳
2024-03-25 02:30:22 心跳
2024-03-25 02:31:22 心跳
2024-03-25 02:32:22 心跳
2024-03-25 02:34:23 心跳
2024-03-25 02:35:23 心跳
2024-03-25 02:36:23 心跳
2024-03-25 02:37:24 心跳
2024-03-25 02:39:24 心跳
2024-03-25 02:40:25 心跳
2024-03-25 02:41:25 心跳
2024-03-25 02:42:25 心跳
2024-03-25 02:43:25 心跳
2024-03-25 02:44:26 心跳
2024-03-25 02:45:26 心跳
2024-03-25 02:46:26 心跳
2024-03-25 02:47:27 心跳
2024-03-25 02:48:27 心跳
2024-03-25 02:49:27 心跳
2024-03-25 02:50:27 心跳
2024-03-25 02:51:28 心跳
2024-03-25 02:52:28 心跳
2024-03-25 02:53:28 心跳
2024-03-25 02:54:29 心跳
2024-03-25 02:56:29 心跳
2024-03-25 02:57:29 心跳
2024-03-25 02:58:30 心跳
2024-03-25 02:59:30 心跳
2024-03-25 03:00:30 心跳
2024-03-25 03:01:31 心跳
2024-03-25 03:02:31 心跳
2024-03-25 03:03:31 心跳
2024-03-25 03:04:31 心跳
2024-03-25 03:05:32 心跳
2024-03-25 03:06:32 心跳
2024-03-25 03:07:32 心跳
2024-03-25 03:08:32 心跳
2024-03-25 03:10:33 心跳
2024-03-25 03:11:33 心跳
2024-03-25 03:12:34 心跳
2024-03-25 03:13:34 心跳
2024-03-25 03:14:34 心跳
2024-03-25 03:15:34 心跳
2024-03-25 03:16:35 心跳
2024-03-25 03:17:35 心跳
2024-03-25 03:18:35 心跳
2024-03-25 03:19:35 心跳
2024-03-25 03:20:36 心跳
2024-03-25 03:21:36 心跳
2024-03-25 03:22:36 心跳
2024-03-25 03:23:37 心跳
2024-03-25 03:24:37 心跳
2024-03-25 03:25:37 心跳
2024-03-25 03:26:37 心跳
2024-03-25 03:27:38 心跳
2024-03-25 03:28:38 心跳
2024-03-25 03:29:38 心跳
2024-03-25 03:30:39 心跳
2024-03-25 03:31:39 心跳
2024-03-25 03:32:39 心跳
2024-03-25 03:33:39 心跳
2024-03-25 03:34:40 心跳
2024-03-25 03:35:40 心跳
2024-03-25 03:36:40 心跳
2024-03-25 03:37:41 心跳
2024-03-25 03:38:41 心跳
2024-03-25 03:39:41 心跳
2024-03-25 03:40:41 心跳
2024-03-25 03:41:42 心跳
2024-03-25 03:42:42 心跳
2024-03-25 03:43:42 心跳
2024-03-25 03:44:42 心跳
2024-03-25 03:45:43 心跳
2024-03-25 03:46:43 心跳
2024-03-25 03:47:43 心跳
2024-03-25 03:48:44 心跳
2024-03-25 03:49:44 心跳
2024-03-25 03:50:44 心跳
2024-03-25 03:51:44 心跳
2024-03-25 03:52:45 心跳
2024-03-25 03:53:45 心跳
2024-03-25 03:54:45 心跳
2024-03-25 03:55:46 心跳
2024-03-25 03:56:46 心跳
2024-03-25 03:57:46 心跳
2024-03-25 03:58:46 心跳
2024-03-25 03:59:47 心跳
2024-03-25 04:00:47 心跳
2024-03-25 04:01:47 心跳
2024-03-25 04:02:47 心跳
2024-03-25 04:03:48 心跳
2024-03-25 04:04:48 心跳
2024-03-25 04:05:48 心跳
2024-03-25 04:06:49 心跳
2024-03-25 04:07:49 心跳
2024-03-25 04:09:49 心跳
2024-03-25 04:10:50 心跳
2024-03-25 04:12:50 心跳
2024-03-25 04:13:51 心跳
2024-03-25 04:14:51 心跳
2024-03-25 04:15:51 心跳
2024-03-25 04:16:51 心跳
2024-03-25 04:17:52 心跳
2024-03-25 04:18:52 心跳
2024-03-25 04:19:52 心跳
2024-03-25 04:20:53 心跳
2024-03-25 04:21:53 心跳
2024-03-25 04:22:53 心跳
2024-03-25 04:23:53 心跳
2024-03-25 04:24:54 心跳
2024-03-25 04:25:54 心跳
2024-03-25 04:26:54 心跳
2024-03-25 04:27:55 心跳
2024-03-25 04:28:55 心跳
2024-03-25 04:29:55 心跳
2024-03-25 04:30:55 心跳
2024-03-25 04:31:56 心跳
2024-03-25 04:32:56 心跳
2024-03-25 04:33:56 心跳
2024-03-25 04:34:56 心跳
2024-03-25 04:35:57 心跳
2024-03-25 04:36:57 心跳
2024-03-25 04:37:57 心跳
2024-03-25 04:38:58 心跳
2024-03-25 04:39:58 心跳
2024-03-25 04:40:58 心跳
2024-03-25 04:41:58 心跳
2024-03-25 04:42:59 心跳
2024-03-25 04:43:59 心跳
2024-03-25 04:44:59 心跳
2024-03-25 04:45:59 心跳
2024-03-25 04:47:00 心跳
2024-03-25 04:48:00 心跳
2024-03-25 04:49:00 心跳
2024-03-25 04:51:01 心跳
2024-03-25 04:52:01 心跳
2024-03-25 04:53:01 心跳
2024-03-25 04:54:02 心跳
2024-03-25 04:56:02 心跳
2024-03-25 04:57:03 心跳
2024-03-25 04:58:03 心跳
2024-03-25 05:00:03 心跳
2024-03-25 05:01:04 心跳
2024-03-25 05:02:04 心跳
2024-03-25 05:03:04 心跳
2024-03-25 05:04:05 心跳
2024-03-25 05:05:05 心跳
2024-03-25 05:06:05 心跳
2024-03-25 05:07:05 心跳
2024-03-25 05:08:06 心跳
2024-03-25 05:09:06 心跳
2024-03-25 05:10:06 心跳
2024-03-25 05:11:06 心跳
2024-03-25 05:12:07 心跳
2024-03-25 05:13:07 心跳
2024-03-25 05:14:07 心跳
2024-03-25 05:16:08 心跳
2024-03-25 05:17:08 心跳
2024-03-25 05:18:08 心跳
2024-03-25 05:20:09 心跳
2024-03-25 05:21:09 心跳
2024-03-25 05:22:10 心跳
2024-03-25 05:23:10 心跳
2024-03-25 05:24:10 心跳
2024-03-25 05:25:10 心跳
2024-03-25 05:26:11 心跳
2024-03-25 05:27:11 心跳
2024-03-25 05:28:11 心跳
2024-03-25 05:29:11 心跳
2024-03-25 05:30:12 心跳
2024-03-25 05:31:12 心跳
2024-03-25 05:32:12 心跳
2024-03-25 05:33:13 心跳
2024-03-25 05:35:13 心跳
2024-03-25 05:36:13 心跳
2024-03-25 05:37:14 心跳
2024-03-25 05:38:14 心跳
2024-03-25 05:39:14 心跳
2024-03-25 05:40:15 心跳
2024-03-25 05:41:15 心跳
2024-03-25 05:42:15 心跳
2024-03-25 05:43:15 心跳
2024-03-25 05:44:16 心跳
2024-03-25 05:45:16 心跳
2024-03-25 05:46:16 心跳
2024-03-25 05:47:16 心跳
2024-03-25 05:48:17 心跳
2024-03-25 05:49:17 心跳
2024-03-25 05:50:17 心跳
2024-03-25 05:51:18 心跳
2024-03-25 05:52:18 心跳
2024-03-25 05:53:18 心跳
2024-03-25 05:54:18 心跳
2024-03-25 05:55:19 心跳
2024-03-25 05:56:19 心跳
2024-03-25 05:57:19 心跳
2024-03-25 05:58:20 心跳
2024-03-25 05:59:20 心跳
2024-03-25 06:00:20 心跳
2024-03-25 06:01:20 心跳
2024-03-25 06:02:21 心跳
2024-03-25 06:04:21 心跳
2024-03-25 06:05:21 心跳
2024-03-25 06:06:22 心跳
2024-03-25 06:07:22 心跳
2024-03-25 06:08:22 心跳
2024-03-25 06:09:23 心跳
2024-03-25 06:10:23 心跳
2024-03-25 06:11:23 心跳
2024-03-25 06:12:23 心跳
2024-03-25 06:13:24 心跳
2024-03-25 06:14:24 心跳
2024-03-25 06:15:24 心跳
2024-03-25 06:16:25 心跳
2024-03-25 06:17:25 心跳
2024-03-25 06:18:25 心跳
2024-03-25 06:19:25 心跳
2024-03-25 06:20:26 心跳
2024-03-25 06:21:26 心跳
2024-03-25 06:22:26 心跳
2024-03-25 06:23:26 心跳
2024-03-25 06:24:27 心跳
2024-03-25 06:25:27 心跳
2024-03-25 06:26:27 心跳
2024-03-25 06:27:28 心跳
2024-03-25 06:28:28 心跳
2024-03-25 06:29:28 心跳
2024-03-25 06:30:28 心跳
2024-03-25 06:31:29 心跳
2024-03-25 06:32:29 心跳
2024-03-25 06:33:29 心跳
2024-03-25 06:34:29 心跳
2024-03-25 06:36:30 心跳
2024-03-25 06:37:30 心跳
2024-03-25 06:38:31 心跳
2024-03-25 06:39:31 心跳
2024-03-25 06:40:31 心跳
2024-03-25 06:41:31 心跳
2024-03-25 06:42:32 心跳
2024-03-25 06:43:32 心跳
2024-03-25 06:44:32 心跳
2024-03-25 06:45:32 心跳
2024-03-25 06:46:33 心跳
2024-03-25 06:48:33 心跳
2024-03-25 06:49:34 心跳
2024-03-25 06:50:34 心跳
2024-03-25 06:51:34 心跳
2024-03-25 06:52:34 心跳
2024-03-25 06:53:35 心跳
2024-03-25 06:54:35 心跳
2024-03-25 06:55:35 心跳
2024-03-25 06:56:35 心跳
2024-03-25 06:57:36 心跳
2024-03-25 06:58:36 心跳
2024-03-25 06:59:36 心跳
2024-03-25 07:00:37 心跳
2024-03-25 07:01:37 心跳
2024-03-25 07:02:37 心跳
2024-03-25 07:03:37 心跳
2024-03-25 07:04:38 心跳
2024-03-25 07:05:38 心跳
2024-03-25 07:06:38 心跳
2024-03-25 07:07:39 心跳
2024-03-25 07:08:39 心跳
2024-03-25 07:09:39 心跳
2024-03-25 07:10:39 心跳
2024-03-25 07:12:40 心跳
2024-03-25 07:13:40 心跳
2024-03-25 07:14:40 心跳
2024-03-25 07:15:41 心跳
2024-03-25 07:16:41 心跳
2024-03-25 07:17:41 心跳
2024-03-25 07:18:42 心跳
2024-03-25 07:19:42 心跳
2024-03-25 07:20:42 心跳
2024-03-25 07:21:42 心跳
2024-03-25 07:22:43 心跳
2024-03-25 07:24:43 心跳
2024-03-25 07:25:44 心跳
2024-03-25 07:26:44 心跳
2024-03-25 07:27:44 心跳
2024-03-25 07:28:44 心跳
2024-03-25 07:29:45 心跳
2024-03-25 07:30:45 心跳
2024-03-25 07:31:45 心跳
2024-03-25 07:32:45 心跳
2024-03-25 07:33:46 心跳
2024-03-25 07:34:46 心跳
2024-03-25 07:35:46 心跳
2024-03-25 07:36:47 心跳
2024-03-25 07:37:47 心跳
2024-03-25 07:38:47 心跳
2024-03-25 07:39:47 心跳
2024-03-25 07:40:48 心跳
2024-03-25 07:41:48 心跳
2024-03-25 07:42:48 心跳
2024-03-25 07:43:49 心跳
2024-03-25 07:45:49 心跳
2024-03-25 07:46:49 心跳
2024-03-25 07:47:50 心跳
2024-03-25 07:48:50 心跳
2024-03-25 07:49:50 心跳
2024-03-25 07:50:50 心跳
2024-03-25 07:51:51 心跳
2024-03-25 07:52:51 心跳
2024-03-25 07:53:51 心跳
2024-03-25 07:54:52 心跳
2024-03-25 07:55:52 心跳
2024-03-25 07:56:52 心跳
2024-03-25 07:57:52 心跳
2024-03-25 07:58:53 心跳
2024-03-25 07:59:53 心跳
2024-03-25 08:00:53 心跳
2024-03-25 08:01:54 心跳
2024-03-25 08:02:54 心跳
2024-03-25 08:03:54 心跳
2024-03-25 08:04:54 心跳
2024-03-25 08:05:55 心跳
2024-03-25 08:06:55 心跳
2024-03-25 08:07:55 心跳
2024-03-25 08:08:55 心跳
2024-03-25 08:09:56 心跳
2024-03-25 08:10:56 心跳
2024-03-25 08:11:56 心跳
2024-03-25 08:12:57 心跳
2024-03-25 08:13:57 心跳
2024-03-25 08:14:57 心跳
2024-03-25 08:15:57 心跳
2024-03-25 08:16:58 心跳
2024-03-25 08:17:58 心跳
2024-03-25 08:18:58 心跳
2024-03-25 08:19:58 心跳
2024-03-25 08:20:59 心跳
2024-03-25 08:21:59 心跳
2024-03-25 08:22:59 心跳
2024-03-25 08:24:00 心跳
2024-03-25 08:25:00 心跳
2024-03-25 08:26:00 心跳
2024-03-25 08:27:00 心跳
2024-03-25 08:28:01 心跳
2024-03-25 08:29:01 心跳
2024-03-25 08:30:01 心跳
2024-03-25 08:31:01 心跳
2024-03-25 08:32:02 心跳
2024-03-25 08:33:02 心跳
2024-03-25 08:34:02 心跳
2024-03-25 08:35:03 心跳
2024-03-25 08:36:03 心跳
2024-03-25 08:37:03 心跳
2024-03-25 08:38:03 心跳
2024-03-25 08:39:04 心跳
2024-03-25 08:40:04 心跳
2024-03-25 08:41:04 心跳
2024-03-25 08:42:04 心跳
2024-03-25 08:43:05 心跳
2024-03-25 08:44:05 心跳
2024-03-25 08:45:05 心跳
2024-03-25 08:46:06 心跳
2024-03-25 08:47:06 心跳
2024-03-25 08:48:06 心跳
2024-03-25 08:49:06 心跳
2024-03-25 08:50:07 心跳
2024-03-25 08:51:07 心跳
2024-03-25 08:52:07 心跳
2024-03-25 08:53:07 心跳
2024-03-25 08:54:08 心跳
2024-03-25 08:55:08 心跳
2024-03-25 08:56:08 心跳
2024-03-25 08:57:09 心跳
2024-03-25 08:58:09 心跳
2024-03-25 08:59:09 心跳
2024-03-25 09:00:09 心跳
2024-03-25 09:01:10 心跳
2024-03-25 09:02:10 心跳
2024-03-25 09:03:10 心跳
2024-03-25 09:04:10 心跳
2024-03-25 09:05:11 心跳
2024-03-25 09:06:11 心跳
2024-03-25 09:07:11 心跳
2024-03-25 09:08:12 心跳
2024-03-25 09:09:12 心跳
2024-03-25 09:10:12 心跳
2024-03-25 09:11:12 心跳
2024-03-25 09:12:13 心跳
2024-03-25 09:13:13 心跳
2024-03-25 09:14:13 心跳
2024-03-25 09:15:13 心跳
2024-03-25 09:16:14 心跳
2024-03-25 09:17:14 心跳
2024-03-25 09:18:14 心跳
2024-03-25 09:19:15 心跳
2024-03-25 09:20:15 心跳
2024-03-25 09:21:15 心跳
2024-03-25 09:22:15 心跳
2024-03-25 09:23:16 心跳
2024-03-25 09:24:16 心跳
2024-03-25 09:25:16 心跳
2024-03-25 09:26:16 心跳
2024-03-25 09:27:17 心跳
2024-03-25 09:28:17 心跳
2024-03-25 09:30:18 心跳
2024-03-25 09:31:18 心跳
2024-03-25 09:32:18 心跳
2024-03-25 09:33:18 心跳
2024-03-25 09:34:19 心跳
2024-03-25 09:35:19 心跳
2024-03-25 09:36:19 心跳
2024-03-25 09:37:20 心跳
2024-03-25 09:39:20 心跳
2024-03-25 09:40:20 心跳
2024-03-25 09:41:21 心跳
2024-03-25 09:42:21 心跳
2024-03-25 09:43:21 心跳
2024-03-25 09:44:21 心跳
2024-03-25 09:45:22 心跳
2024-03-25 09:46:22 心跳
2024-03-25 09:47:22 心跳
2024-03-25 09:49:23 心跳
2024-03-25 09:50:23 心跳
2024-03-25 09:51:23 心跳
2024-03-25 09:52:24 心跳
2024-03-25 09:53:24 心跳
2024-03-25 09:54:24 心跳
2024-03-25 09:55:25 心跳
2024-03-25 09:56:25 心跳
2024-03-25 09:57:25 心跳
2024-03-25 22:28:50 呼叫
2024-03-25 22:29:05 心跳
2024-03-25 22:30:05 心跳
2024-03-25 22:31:05 心跳
2024-03-25 22:32:06 心跳
2024-03-25 22:33:06 心跳
2024-03-25 22:34:06 心跳
2024-03-25 22:36:07 心跳
2024-03-25 22:37:07 心跳
2024-03-25 22:38:07 心跳
2024-03-25 22:39:08 心跳
2024-03-25 22:40:08 心跳
2024-03-25 22:41:08 心跳
2024-03-25 22:42:09 心跳
2024-03-25 22:43:09 心跳
2024-03-25 22:44:09 心跳
2024-03-25 22:45:09 心跳
2024-03-25 22:46:10 心跳
2024-03-25 22:47:10 心跳
2024-03-25 22:48:10 心跳
2024-03-25 22:49:10 心跳
2024-03-25 22:50:11 心跳
2024-03-25 22:51:11 心跳
2024-03-25 22:52:11 心跳
2024-03-25 22:53:12 心跳
2024-03-25 22:54:12 心跳
2024-03-25 22:55:12 心跳
2024-03-25 22:56:12 心跳
2024-03-25 22:57:13 心跳
2024-03-25 22:58:13 心跳
2024-03-25 22:58:19 呼叫
2024-03-25 22:59:13 心跳
2024-03-25 23:00:14 心跳
2024-03-25 23:01:14 心跳
2024-03-25 23:02:14 心跳
2024-03-25 23:03:14 心跳
2024-03-25 23:04:15 心跳
2024-03-25 23:05:15 心跳
2024-03-25 23:06:15 心跳
2024-03-25 23:08:16 心跳
2024-03-25 23:09:16 心跳
2024-03-25 23:10:16 心跳
2024-03-25 23:11:17 心跳
2024-03-25 23:12:17 心跳
2024-03-25 23:13:17 心跳
2024-03-25 23:14:18 心跳
2024-03-25 23:15:18 心跳
2024-03-25 23:16:18 心跳
2024-03-25 23:17:18 心跳
2024-03-25 23:18:19 心跳
2024-03-25 23:19:19 心跳
2024-03-25 23:20:19 心跳
2024-03-25 23:22:20 心跳
2024-03-25 23:23:20 心跳
2024-03-25 23:24:20 心跳
2024-03-25 23:25:21 心跳
2024-03-25 23:26:21 心跳
2024-03-25 23:27:21 心跳
2024-03-25 23:28:22 心跳
2024-03-25 23:29:22 心跳
2024-03-25 23:30:22 心跳
2024-03-25 23:31:22 心跳
2024-03-25 23:32:23 心跳
2024-03-25 23:33:23 心跳
2024-03-25 23:34:23 心跳
2024-03-25 23:35:24 心跳
2024-03-25 23:36:24 心跳
2024-03-25 23:37:24 心跳
2024-03-25 23:38:24 心跳
2024-03-25 23:39:25 心跳
2024-03-25 23:40:25 心跳
2024-03-25 23:41:25 心跳
2024-03-25 23:42:26 心跳
2024-03-25 23:43:26 心跳
2024-03-25 23:44:26 心跳
2024-03-25 23:45:26 心跳
2024-03-25 23:46:27 心跳
2024-03-25 23:47:27 心跳
2024-03-25 23:48:27 心跳
2024-03-25 23:49:28 心跳
2024-03-25 23:50:28 心跳
2024-03-25 23:51:28 心跳
2024-03-25 23:52:28 心跳
2024-03-25 23:53:29 心跳
2024-03-25 23:54:29 心跳
2024-03-25 23:55:29 心跳
2024-03-25 23:56:30 心跳
2024-03-25 23:58:30 心跳
2024-03-25 23:59:30 心跳
2024-03-26 00:00:31 心跳
2024-03-26 00:01:31 心跳
2024-03-26 00:02:31 心跳
2024-03-26 00:03:32 心跳
2024-03-26 00:04:32 心跳
2024-03-26 00:05:32 心跳
2024-03-26 00:06:32 心跳
2024-03-26 00:07:33 心跳
2024-03-26 00:09:33 心跳
2024-03-26 00:10:34 心跳
2024-03-26 00:11:34 心跳
2024-03-26 00:12:34 心跳
2024-03-26 00:13:35 心跳
2024-03-26 00:14:35 心跳
2024-03-26 00:15:35 心跳
2024-03-26 00:16:35 心跳
2024-03-26 00:17:36 心跳
2024-03-26 00:18:36 心跳
2024-03-26 00:20:37 心跳
2024-03-26 00:21:37 心跳
2024-03-26 00:22:37 心跳
2024-03-26 00:23:37 心跳
2024-03-26 00:24:38 心跳
2024-03-26 00:25:38 心跳
2024-03-26 00:26:38 心跳
2024-03-26 00:27:39 心跳
2024-03-26 00:28:39 心跳
2024-03-26 00:29:39 心跳
2024-03-26 00:30:40 心跳
2024-03-26 00:31:40 心跳
2024-03-26 00:32:40 心跳
2024-03-26 00:33:40 心跳
2024-03-26 00:34:41 心跳
2024-03-26 00:35:41 心跳
2024-03-26 00:36:41 心跳
2024-03-26 00:37:42 心跳
2024-03-26 00:38:42 心跳
2024-03-26 00:39:42 心跳
2024-03-26 00:40:42 心跳
2024-03-26 00:41:43 心跳
2024-03-26 00:42:43 心跳
2024-03-26 00:43:43 心跳
2024-03-26 00:44:44 心跳
2024-03-26 00:45:44 心跳
2024-03-26 00:46:44 心跳
2024-03-26 00:47:45 心跳
2024-03-26 00:48:45 心跳
2024-03-26 00:49:45 心跳
2024-03-26 00:50:45 心跳
2024-03-26 00:51:46 心跳
2024-03-26 00:52:46 心跳
2024-03-26 00:53:46 心跳
2024-03-26 00:54:47 心跳
2024-03-26 00:55:47 心跳
2024-03-26 00:56:47 心跳
2024-03-26 00:57:48 心跳
2024-03-26 00:58:48 心跳
2024-03-26 00:59:48 心跳
2024-03-26 01:00:48 心跳
2024-03-26 01:01:49 心跳
2024-03-26 01:02:49 心跳
2024-03-26 01:03:49 心跳
2024-03-26 01:04:50 心跳
2024-03-26 01:05:50 心跳
2024-03-26 01:06:50 心跳
2024-03-26 01:07:50 心跳
2024-03-26 01:08:51 心跳
2024-03-26 01:09:51 心跳
2024-03-26 01:10:51 心跳
2024-03-26 01:11:52 心跳
2024-03-26 01:12:52 心跳
2024-03-26 01:13:52 心跳
2024-03-26 01:14:52 心跳
2024-03-26 01:15:53 心跳
2024-03-26 01:17:53 心跳
2024-03-26 01:18:54 心跳
2024-03-26 01:19:54 心跳
2024-03-26 01:20:54 心跳
2024-03-26 01:21:54 心跳
2024-03-26 01:22:55 心跳
2024-03-26 01:23:55 心跳
2024-03-26 01:24:55 心跳
2024-03-26 01:25:56 心跳
2024-03-26 01:26:56 心跳
2024-03-26 01:27:56 心跳
2024-03-26 01:28:56 心跳
2024-03-26 01:29:57 心跳
2024-03-26 01:30:57 心跳
2024-03-26 01:31:57 心跳
2024-03-26 01:32:58 心跳
2024-03-26 01:33:58 心跳
2024-03-26 01:34:58 心跳
2024-03-26 01:35:58 心跳
2024-03-26 01:36:59 心跳
2024-03-26 01:37:59 心跳
2024-03-26 01:38:59 心跳
2024-03-26 01:40:00 心跳
2024-03-26 01:41:00 心跳
2024-03-26 01:42:00 心跳
2024-03-26 01:43:00 心跳
2024-03-26 01:44:01 心跳
2024-03-26 01:46:01 心跳
2024-03-26 01:47:02 心跳
2024-03-26 01:48:02 心跳
2024-03-26 01:49:02 心跳
2024-03-26 01:50:03 心跳
2024-03-26 01:51:03 心跳
2024-03-26 01:52:03 心跳
2024-03-26 01:53:03 心跳
2024-03-26 01:54:04 心跳
2024-03-26 01:55:04 心跳
2024-03-26 01:56:04 心跳
2024-03-26 01:57:05 心跳
2024-03-26 01:58:05 心跳
2024-03-26 01:59:05 心跳
2024-03-26 02:00:05 心跳
2024-03-26 02:01:06 心跳
2024-03-26 02:02:06 心跳
2024-03-26 02:03:06 心跳
2024-03-26 02:04:07 心跳
2024-03-26 02:06:07 心跳
2024-03-26 02:07:07 心跳
2024-03-26 02:08:08 心跳
2024-03-26 02:09:08 心跳
2024-03-26 02:10:08 心跳
2024-03-26 02:11:09 心跳
2024-03-26 02:12:09 心跳
2024-03-26 02:13:09 心跳
2024-03-26 02:14:10 心跳
2024-03-26 02:15:10 心跳
2024-03-26 02:16:10 心跳
2024-03-26 02:17:10 心跳
2024-03-26 02:18:11 心跳
2024-03-26 02:19:11 心跳
2024-03-26 02:20:11 心跳
2024-03-26 02:21:12 心跳
2024-03-26 02:22:12 心跳
2024-03-26 02:23:12 心跳
2024-03-26 02:24:12 心跳
2024-03-26 02:25:13 心跳
2024-03-26 02:26:13 心跳
2024-03-26 02:27:13 心跳
2024-03-26 02:28:14 心跳
2024-03-26 02:29:14 心跳
2024-03-26 02:30:14 心跳
2024-03-26 02:31:14 心跳
2024-03-26 02:32:15 心跳
2024-03-26 02:33:15 心跳
2024-03-26 02:34:15 心跳
2024-03-26 02:35:16 心跳
2024-03-26 02:36:16 心跳
2024-03-26 02:37:16 心跳
2024-03-26 02:38:17 心跳
2024-03-26 02:39:17 心跳
2024-03-26 02:40:17 心跳
2024-03-26 02:41:17 心跳
2024-03-26 02:42:18 心跳
2024-03-26 02:43:18 心跳
2024-03-26 02:44:18 心跳
2024-03-26 02:45:19 心跳
2024-03-26 02:46:19 心跳
2024-03-26 02:47:19 心跳
2024-03-26 02:49:20 心跳
2024-03-26 02:50:20 心跳
2024-03-26 02:51:20 心跳
2024-03-26 02:52:21 心跳
2024-03-26 02:53:21 心跳
2024-03-26 02:54:21 心跳
2024-03-26 02:55:22 心跳
2024-03-26 02:56:22 心跳
2024-03-26 02:57:22 心跳
2024-03-26 02:58:22 心跳
2024-03-26 02:59:23 心跳
2024-03-26 03:00:23 心跳
2024-03-26 03:01:23 心跳
2024-03-26 03:02:24 心跳
2024-03-26 03:03:24 心跳
2024-03-26 03:04:24 心跳
2024-03-26 03:05:24 心跳
2024-03-26 03:06:25 心跳
2024-03-26 03:07:25 心跳
2024-03-26 03:08:25 心跳
2024-03-26 03:09:26 心跳
2024-03-26 03:10:26 心跳
2024-03-26 03:11:26 心跳
2024-03-26 03:12:26 心跳
2024-03-26 03:13:27 心跳
2024-03-26 03:14:27 心跳
2024-03-26 03:15:27 心跳
2024-03-26 03:16:28 心跳
2024-03-26 03:17:28 心跳
2024-03-26 03:18:28 心跳
2024-03-26 03:19:28 心跳
2024-03-26 03:20:29 心跳
2024-03-26 03:21:29 心跳
2024-03-26 03:22:29 心跳
2024-03-26 03:23:30 心跳
2024-03-26 03:24:30 心跳
2024-03-26 03:25:30 心跳
2024-03-26 03:26:30 心跳
2024-03-26 03:27:31 心跳
2024-03-26 03:28:31 心跳
2024-03-26 03:29:31 心跳
2024-03-26 03:30:32 心跳
2024-03-26 03:31:32 心跳
2024-03-26 03:32:32 心跳
2024-03-26 03:33:32 心跳
2024-03-26 03:34:33 心跳
2024-03-26 03:35:33 心跳
2024-03-26 03:37:34 心跳
2024-03-26 03:38:34 心跳
2024-03-26 03:39:34 心跳
2024-03-26 03:40:34 心跳
2024-03-26 03:41:35 心跳
2024-03-26 03:42:35 心跳
2024-03-26 03:43:35 心跳
2024-03-26 03:44:36 心跳
2024-03-26 03:45:36 心跳
2024-03-26 03:46:36 心跳
2024-03-26 03:47:36 心跳
2024-03-26 03:48:37 心跳
2024-03-26 03:49:37 心跳
2024-03-26 03:50:37 心跳
2024-03-26 03:51:38 心跳
2024-03-26 03:52:38 心跳
2024-03-26 03:53:38 心跳
2024-03-26 03:54:38 心跳
2024-03-26 03:55:39 心跳
2024-03-26 03:56:39 心跳
2024-03-26 03:57:39 心跳
2024-03-26 03:58:40 心跳
2024-03-26 03:59:40 心跳
2024-03-26 04:00:40 心跳
2024-03-26 04:01:40 心跳
2024-03-26 04:02:41 心跳
2024-03-26 04:03:41 心跳
2024-03-26 04:04:41 心跳
2024-03-26 04:05:42 心跳
2024-03-26 04:06:42 心跳
2024-03-26 04:07:42 心跳
2024-03-26 04:08:42 心跳
2024-03-26 04:09:43 心跳
2024-03-26 04:10:43 心跳
2024-03-26 04:11:43 心跳
2024-03-26 04:12:44 心跳
2024-03-26 04:13:44 心跳
2024-03-26 04:14:44 心跳
2024-03-26 04:15:44 心跳
2024-03-26 04:16:45 心跳
2024-03-26 04:17:45 心跳
2024-03-26 04:18:45 心跳
2024-03-26 04:19:46 心跳
2024-03-26 04:20:46 心跳
2024-03-26 04:21:46 心跳
2024-03-26 04:22:47 心跳
2024-03-26 04:23:47 心跳
2024-03-26 04:24:47 心跳
2024-03-26 04:25:47 心跳
2024-03-26 04:26:48 心跳
2024-03-26 04:27:48 心跳
2024-03-26 04:28:48 心跳
2024-03-26 04:29:49 心跳
2024-03-26 04:30:49 心跳
2024-03-26 04:32:49 心跳
2024-03-26 04:33:50 心跳
2024-03-26 04:34:50 心跳
2024-03-26 04:35:50 心跳
2024-03-26 04:36:51 心跳
2024-03-26 04:37:51 心跳
2024-03-26 04:38:51 心跳
2024-03-26 04:39:51 心跳
2024-03-26 04:40:52 心跳
2024-03-26 04:41:52 心跳
2024-03-26 04:42:52 心跳
2024-03-26 04:43:53 心跳
2024-03-26 04:44:53 心跳
2024-03-26 04:45:53 心跳
2024-03-26 04:46:54 心跳
2024-03-26 04:47:54 心跳
2024-03-26 04:48:54 心跳
2024-03-26 04:49:54 心跳
2024-03-26 04:50:55 心跳
2024-03-26 04:51:55 心跳
2024-03-26 04:52:55 心跳
2024-03-26 04:53:56 心跳
2024-03-26 04:54:56 心跳
2024-03-26 04:55:56 心跳
2024-03-26 04:56:56 心跳
2024-03-26 04:57:57 心跳
2024-03-26 04:58:57 心跳
2024-03-26 04:59:57 心跳
2024-03-26 05:00:58 心跳
2024-03-26 05:01:58 心跳
2024-03-26 05:02:58 心跳
2024-03-26 05:03:59 心跳
2024-03-26 05:04:59 心跳
2024-03-26 05:05:59 心跳
2024-03-26 05:06:59 心跳
2024-03-26 05:08:00 心跳
2024-03-26 05:09:00 心跳
2024-03-26 05:10:00 心跳
2024-03-26 05:11:01 心跳
2024-03-26 05:12:01 心跳
2024-03-26 05:14:01 心跳
2024-03-26 05:15:02 心跳
2024-03-26 05:16:02 心跳
2024-03-26 05:17:02 心跳
2024-03-26 05:18:03 心跳
2024-03-26 05:19:03 心跳
2024-03-26 05:20:03 心跳
2024-03-26 05:21:03 心跳
2024-03-26 05:22:04 心跳
2024-03-26 05:23:04 心跳
2024-03-26 05:24:04 心跳
2024-03-26 05:26:05 心跳
2024-03-26 05:27:05 心跳
2024-03-26 05:28:06 心跳
2024-03-26 05:29:06 心跳
2024-03-26 05:30:06 心跳
2024-03-26 05:31:06 心跳
2024-03-26 05:32:07 心跳
2024-03-26 05:33:07 心跳
2024-03-26 05:34:07 心跳
2024-03-26 05:35:08 心跳
2024-03-26 05:36:08 心跳
2024-03-26 05:37:08 心跳
2024-03-26 05:38:08 心跳
2024-03-26 05:39:09 心跳
2024-03-26 05:40:09 心跳
2024-03-26 05:41:09 心跳
2024-03-26 05:42:10 心跳
2024-03-26 05:43:10 心跳
2024-03-26 05:44:10 心跳
2024-03-26 05:45:10 心跳
2024-03-26 05:46:11 心跳
2024-03-26 05:47:11 心跳
2024-03-26 05:48:11 心跳
2024-03-26 05:49:12 心跳
2024-03-26 05:50:12 心跳
2024-03-26 05:51:12 心跳
2024-03-26 05:52:13 心跳
2024-03-26 05:53:13 心跳
2024-03-26 05:54:13 心跳
2024-03-26 05:55:13 心跳
2024-03-26 05:56:14 心跳
2024-03-26 05:57:14 心跳
2024-03-26 05:58:14 心跳
2024-03-26 05:59:15 心跳
2024-03-26 06:00:15 心跳
2024-03-26 06:01:15 心跳
2024-03-26 06:02:15 心跳
2024-03-26 06:03:16 心跳
2024-03-26 06:04:16 心跳
2024-03-26 06:05:16 心跳
2024-03-26 06:06:17 心跳
2024-03-26 06:07:17 心跳
2024-03-26 06:08:17 心跳
2024-03-26 06:09:17 心跳
2024-03-26 06:10:18 心跳
2024-03-26 06:11:18 心跳
2024-03-26 06:12:18 心跳
2024-03-26 06:14:19 心跳
2024-03-26 06:15:19 心跳
2024-03-26 06:16:19 心跳
2024-03-26 06:17:20 心跳
2024-03-26 06:18:20 心跳
2024-03-26 06:19:20 心跳
2024-03-26 06:20:21 心跳
2024-03-26 06:21:21 心跳
2024-03-26 06:22:21 心跳
2024-03-26 06:23:21 心跳
2024-03-26 06:24:22 心跳
2024-03-26 06:25:22 心跳
2024-03-26 06:26:22 心跳
2024-03-26 06:27:23 心跳
2024-03-26 06:28:23 心跳
2024-03-26 06:29:23 心跳
2024-03-26 06:30:24 心跳
2024-03-26 06:31:24 心跳
2024-03-26 06:32:24 心跳
2024-03-26 06:33:24 心跳
2024-03-26 06:34:25 心跳
2024-03-26 06:35:25 心跳
2024-03-26 06:36:25 心跳
2024-03-26 06:37:26 心跳
2024-03-26 06:38:26 心跳
2024-03-26 06:39:26 心跳
2024-03-26 06:40:26 心跳
2024-03-26 06:41:27 心跳
2024-03-26 06:42:27 心跳
2024-03-26 06:43:27 心跳
2024-03-26 06:44:28 心跳
2024-03-26 06:45:28 心跳
2024-03-26 06:47:28 心跳
2024-03-26 06:48:29 心跳
2024-03-26 06:49:29 心跳
2024-03-26 06:50:29 心跳
2024-03-26 06:51:30 心跳
2024-03-26 06:52:30 心跳
2024-03-26 06:53:30 心跳
2024-03-26 06:54:31 心跳
2024-03-26 06:55:31 心跳
2024-03-26 06:56:31 心跳
2024-03-26 06:57:31 心跳
2024-03-26 06:58:32 心跳
2024-03-26 06:59:32 心跳
2024-03-26 07:00:32 心跳
2024-03-26 07:01:33 心跳
2024-03-26 07:02:33 心跳
2024-03-26 07:03:33 心跳
2024-03-26 07:04:33 心跳
2024-03-26 07:06:34 心跳
2024-03-26 07:07:34 心跳
2024-03-26 07:08:35 心跳
2024-03-26 07:09:35 心跳
2024-03-26 07:10:35 心跳
2024-03-26 07:11:35 心跳
2024-03-26 07:12:36 心跳
2024-03-26 07:13:36 心跳
2024-03-26 07:14:36 心跳
2024-03-26 07:15:37 心跳
2024-03-26 07:16:37 心跳
2024-03-26 07:17:37 心跳
2024-03-26 07:18:38 心跳
2024-03-26 07:19:38 心跳
2024-03-26 07:20:38 心跳
2024-03-26 07:21:38 心跳
2024-03-26 07:22:39 心跳
2024-03-26 07:23:39 心跳
2024-03-26 07:24:39 心跳
2024-03-26 07:25:40 心跳
2024-03-26 07:26:40 心跳
2024-03-26 07:27:40 心跳
2024-03-26 07:28:40 心跳
2024-03-26 07:29:41 心跳
2024-03-26 07:30:41 心跳
2024-03-26 07:31:41 心跳
2024-03-26 07:32:42 心跳
2024-03-26 07:33:42 心跳
2024-03-26 07:34:42 心跳
2024-03-26 07:35:42 心跳
2024-03-26 07:36:43 心跳
2024-03-26 07:37:43 心跳
2024-03-26 07:38:43 心跳
2024-03-26 07:39:44 心跳
2024-03-26 07:40:44 心跳
2024-03-26 07:41:44 心跳
2024-03-26 07:42:44 心跳
2024-03-26 07:43:45 心跳
2024-03-26 07:44:45 心跳
2024-03-26 07:45:45 心跳
2024-03-26 07:46:46 心跳
2024-03-26 07:47:46 心跳
2024-03-26 07:48:46 心跳
2024-03-26 07:49:46 心跳
2024-03-26 07:50:47 心跳
2024-03-26 07:51:47 心跳
2024-03-26 07:52:47 心跳
2024-03-26 07:53:48 心跳
2024-03-26 07:54:48 心跳
2024-03-26 07:55:48 心跳
2024-03-26 07:56:48 心跳
2024-03-26 07:57:49 心跳
2024-03-26 07:58:49 心跳
2024-03-26 07:59:49 心跳
2024-03-26 08:00:50 心跳
2024-03-26 08:02:50 心跳
2024-03-26 08:03:50 心跳
2024-03-26 08:05:51 心跳
2024-03-26 08:06:51 心跳
2024-03-26 08:07:52 心跳
2024-03-26 08:08:52 心跳
2024-03-26 08:09:52 心跳
2024-03-26 08:10:52 心跳
2024-03-26 08:11:53 心跳
2024-03-26 08:12:53 心跳
2024-03-26 08:13:53 心跳
2024-03-26 08:14:54 心跳
2024-03-26 08:15:54 心跳
2024-03-26 08:16:54 心跳
2024-03-26 08:17:54 心跳
2024-03-26 08:18:55 心跳
2024-03-26 08:19:55 心跳
2024-03-26 08:20:55 心跳
2024-03-26 08:21:56 心跳
2024-03-26 08:22:56 心跳
2024-03-26 08:23:56 心跳
2024-03-26 08:24:56 心跳
2024-03-26 08:25:57 心跳
2024-03-26 08:26:57 心跳
2024-03-26 08:27:57 心跳
2024-03-26 08:28:58 心跳
2024-03-26 08:29:58 心跳
2024-03-26 08:30:58 心跳
2024-03-26 08:31:58 心跳
2024-03-26 08:32:59 心跳
2024-03-26 08:33:59 心跳
2024-03-26 08:34:59 心跳
2024-03-26 08:36:00 心跳
2024-03-26 08:37:00 心跳
2024-03-26 08:38:00 心跳
2024-03-26 08:39:00 心跳
2024-03-26 08:40:01 心跳
2024-03-26 08:41:01 心跳
2024-03-26 08:42:01 心跳
2024-03-26 08:43:02 心跳
2024-03-26 08:44:02 心跳
2024-03-26 08:45:02 心跳
2024-03-26 08:46:02 心跳
2024-03-26 08:47:03 心跳
2024-03-26 08:48:03 心跳
2024-03-26 08:49:03 心跳
2024-03-26 08:50:04 心跳
2024-03-26 08:51:04 心跳
2024-03-26 08:52:04 心跳
2024-03-26 08:53:04 心跳
2024-03-26 08:54:05 心跳
2024-03-26 08:55:05 心跳
2024-03-26 08:56:05 心跳
2024-03-26 08:57:06 心跳
2024-03-26 08:58:06 心跳
2024-03-26 08:59:06 心跳
2024-03-26 09:00:06 心跳
2024-03-26 09:01:07 心跳
2024-03-26 09:02:07 心跳
2024-03-26 09:03:07 心跳
2024-03-26 09:04:08 心跳
2024-03-26 09:05:08 心跳
2024-03-26 09:06:08 心跳
2024-03-26 09:07:08 心跳
2024-03-26 09:08:09 心跳
2024-03-26 09:09:09 心跳
2024-03-26 09:10:09 心跳
2024-03-26 09:11:10 心跳
2024-03-26 09:12:10 心跳
2024-03-26 09:13:10 心跳
2024-03-26 09:14:10 心跳
2024-03-26 09:15:11 心跳
2024-03-26 09:16:11 心跳
2024-03-26 09:17:11 心跳
2024-03-26 09:18:12 心跳
2024-03-26 09:19:12 心跳
2024-03-26 09:20:12 心跳
2024-03-26 09:21:13 心跳
2024-03-26 09:22:13 心跳
2024-03-26 09:23:13 心跳
2024-03-26 09:24:13 心跳
2024-03-26 09:25:14 心跳
2024-03-26 09:26:14 心跳
2024-03-26 09:27:14 心跳
2024-03-26 09:28:15 心跳
2024-03-26 09:29:15 心跳
2024-03-26 09:30:15 心跳
2024-03-26 09:31:15 心跳
2024-03-26 09:32:16 心跳
2024-03-26 09:33:16 心跳
2024-03-26 09:34:16 心跳
2024-03-26 09:35:17 心跳
2024-03-26 09:36:17 心跳
2024-03-26 09:37:17 心跳
2024-03-26 09:38:17 心跳
2024-03-26 09:39:18 心跳
2024-03-26 09:40:18 心跳
2024-03-26 09:41:18 心跳
2024-03-26 09:42:19 心跳
2024-03-26 09:43:19 心跳
2024-03-26 09:44:19 心跳
2024-03-26 09:45:19 心跳
2024-03-26 09:46:16 呼叫
